<?xml version="1.0" encoding="UTF-8"?>
<testng-results skipped="0" failed="0" total="1" passed="1">
  <reporter-output>
  </reporter-output>
  <suite name="Suite" duration-ms="31991" started-at="2017-08-23T08:00:16Z" finished-at="2017-08-23T08:00:48Z">
    <groups>
    </groups>
    <test name="Test" duration-ms="31991" started-at="2017-08-23T08:00:16Z" finished-at="2017-08-23T08:00:48Z">
      <class name="test.NewTest">
        <test-method status="PASS" signature="loadBrowser()[pri:0, instance:test.NewTest@59f99ea]" name="loadBrowser" is-config="true" duration-ms="6026" started-at="2017-08-23T04:00:16Z" finished-at="2017-08-23T04:00:22Z">
          <reporter-output>
          </reporter-output>
        </test-method> <!-- loadBrowser -->
        <test-method status="PASS" signature="setUp()[pri:0, instance:test.NewTest@59f99ea]" name="setUp" is-config="true" duration-ms="2356" started-at="2017-08-23T04:00:22Z" finished-at="2017-08-23T04:00:24Z">
          <reporter-output>
          </reporter-output>
        </test-method> <!-- setUp -->
        <test-method status="PASS" signature="TestCase1()[pri:0, instance:test.NewTest@59f99ea]" name="TestCase1" duration-ms="21971" started-at="2017-08-23T04:00:24Z" finished-at="2017-08-23T04:00:46Z">
          <reporter-output>
          </reporter-output>
        </test-method> <!-- TestCase1 -->
        <test-method status="PASS" signature="tearDown()[pri:0, instance:test.NewTest@59f99ea]" name="tearDown" is-config="true" duration-ms="1596" started-at="2017-08-23T04:00:46Z" finished-at="2017-08-23T04:00:48Z">
          <reporter-output>
          </reporter-output>
        </test-method> <!-- tearDown -->
      </class> <!-- test.NewTest -->
    </test> <!-- Test -->
  </suite> <!-- Suite -->
</testng-results>
